[2023-10-05 20:07:11]DEBUG:Array
(
    [login] => admin
    [password] => 123123
    [signIn] => 
)

[2023-10-05 20:29:50]DEBUG:Array
(
    [login] => 1
    [password] => 1
    [signIn] => 
)

[2023-10-05 20:37:32]DEBUG:Array
(
    [login] => 1
    [password] => 1
    [signIn] => 
)

[2023-10-05 20:37:45]DEBUG:Array
(
    [login] => admin
    [password] => admin
    [signIn] => 
)

[2023-10-05 20:40:12]DEBUG:Array
(
    [login] => admin
    [password] => admin
    [signIn] => 
)

[2023-10-05 20:47:03]DEBUG:Array
(
    [login] => q
    [password] => 1
    [signIn] => 
)

[2023-10-05 20:47:45]DEBUG:Array
(
    [login] => q
    [password] => 1
    [signIn] => 
)

[2023-10-05 20:51:10]DEBUG:Array
(
    [login] => qwe
    [password] => 123
    [signIn] => 
)

